0 info it worked if it ends with ok
1 verbose cli [ 'node',
1 verbose cli   '/usr/local/bin/npm',
1 verbose cli   'install',
1 verbose cli   '-g',
1 verbose cli   'generator-chromeapp' ]
2 info using npm@1.4.28
3 info using node@v0.10.33
4 verbose cache add [ 'generator-chromeapp', null ]
5 verbose cache add name=undefined spec="generator-chromeapp" args=["generator-chromeapp",null]
6 verbose parsed url { protocol: null,
6 verbose parsed url   slashes: null,
6 verbose parsed url   auth: null,
6 verbose parsed url   host: null,
6 verbose parsed url   port: null,
6 verbose parsed url   hostname: null,
6 verbose parsed url   hash: null,
6 verbose parsed url   search: null,
6 verbose parsed url   query: null,
6 verbose parsed url   pathname: 'generator-chromeapp',
6 verbose parsed url   path: 'generator-chromeapp',
6 verbose parsed url   href: 'generator-chromeapp' }
7 silly lockFile 9a3e9bb8-generator-chromeapp generator-chromeapp
8 verbose lock generator-chromeapp /Users/brandoncox/.npm/9a3e9bb8-generator-chromeapp.lock
9 silly lockFile 9a3e9bb8-generator-chromeapp generator-chromeapp
10 silly lockFile 9a3e9bb8-generator-chromeapp generator-chromeapp
11 verbose addNamed [ 'generator-chromeapp', '' ]
12 verbose addNamed [ null, '*' ]
13 silly lockFile ed64f6aa-generator-chromeapp generator-chromeapp@
14 verbose lock generator-chromeapp@ /Users/brandoncox/.npm/ed64f6aa-generator-chromeapp.lock
15 silly addNameRange { name: 'generator-chromeapp', range: '*', hasData: false }
16 verbose request where is /generator-chromeapp
17 verbose request registry https://registry.npmjs.org/
18 verbose request id 4213844b64907d6e
19 verbose url raw /generator-chromeapp
20 verbose url resolving [ 'https://registry.npmjs.org/', './generator-chromeapp' ]
21 verbose url resolved https://registry.npmjs.org/generator-chromeapp
22 verbose request where is https://registry.npmjs.org/generator-chromeapp
23 info trying registry request attempt 1 at 23:10:39
24 http GET https://registry.npmjs.org/generator-chromeapp
25 http 200 https://registry.npmjs.org/generator-chromeapp
26 silly registry.get cb [ 200,
26 silly registry.get   { date: 'Sun, 12 Apr 2015 03:10:40 GMT',
26 silly registry.get     server: 'CouchDB/1.5.0 (Erlang OTP/R16B03)',
26 silly registry.get     etag: '"5HDI3DI60VMP36USUQAUC666O"',
26 silly registry.get     'content-type': 'application/json',
26 silly registry.get     'cache-control': 'max-age=60',
26 silly registry.get     'content-length': '32384',
26 silly registry.get     'accept-ranges': 'bytes',
26 silly registry.get     via: '1.1 varnish',
26 silly registry.get     age: '0',
26 silly registry.get     'x-served-by': 'cache-atl6224-ATL',
26 silly registry.get     'x-cache': 'MISS',
26 silly registry.get     'x-cache-hits': '0',
26 silly registry.get     'x-timer': 'S1428808240.030955,VS0,VE78',
26 silly registry.get     vary: 'Accept',
26 silly registry.get     'keep-alive': 'timeout=10, max=50',
26 silly registry.get     connection: 'Keep-Alive' } ]
27 silly addNameRange number 2 { name: 'generator-chromeapp', range: '*', hasData: true }
28 silly addNameRange versions [ 'generator-chromeapp',
28 silly addNameRange   [ '0.1.0',
28 silly addNameRange     '0.2.1',
28 silly addNameRange     '0.2.2',
28 silly addNameRange     '0.2.3',
28 silly addNameRange     '0.2.4',
28 silly addNameRange     '0.2.5',
28 silly addNameRange     '0.2.7',
28 silly addNameRange     '0.2.8',
28 silly addNameRange     '0.2.9',
28 silly addNameRange     '0.2.10',
28 silly addNameRange     '0.2.11',
28 silly addNameRange     '0.2.12',
28 silly addNameRange     '0.2.13',
28 silly addNameRange     '0.2.14',
28 silly addNameRange     '0.2.15',
28 silly addNameRange     '0.2.16',
28 silly addNameRange     '0.2.17',
28 silly addNameRange     '0.2.18',
28 silly addNameRange     '0.2.19' ] ]
29 verbose addNamed [ 'generator-chromeapp', '0.2.19' ]
30 verbose addNamed [ '0.2.19', '0.2.19' ]
31 silly lockFile 9852c97f-generator-chromeapp-0-2-19 generator-chromeapp@0.2.19
32 verbose lock generator-chromeapp@0.2.19 /Users/brandoncox/.npm/9852c97f-generator-chromeapp-0-2-19.lock
33 silly lockFile 93916f07-p-generator-chromeapp-0-2-19-tgz https://registry.npmjs.org/generator-chromeapp/-/generator-chromeapp-0.2.19.tgz
34 verbose lock https://registry.npmjs.org/generator-chromeapp/-/generator-chromeapp-0.2.19.tgz /Users/brandoncox/.npm/93916f07-p-generator-chromeapp-0-2-19-tgz.lock
35 verbose addRemoteTarball [ 'https://registry.npmjs.org/generator-chromeapp/-/generator-chromeapp-0.2.19.tgz',
35 verbose addRemoteTarball   '5b3e17a6fbfa6efdb434cdf68a5efb14badc2b8c' ]
36 info retry fetch attempt 1 at 23:10:40
37 verbose fetch to= /var/folders/s7/cqjghxpn20n7pz2_spzf6m0c0000gn/T/npm-7475-UF6omL0A/registry.npmjs.org/generator-chromeapp/-/generator-chromeapp-0.2.19.tgz
38 http GET https://registry.npmjs.org/generator-chromeapp/-/generator-chromeapp-0.2.19.tgz
39 http 200 https://registry.npmjs.org/generator-chromeapp/-/generator-chromeapp-0.2.19.tgz
40 silly lockFile 93916f07-p-generator-chromeapp-0-2-19-tgz https://registry.npmjs.org/generator-chromeapp/-/generator-chromeapp-0.2.19.tgz
41 silly lockFile 93916f07-p-generator-chromeapp-0-2-19-tgz https://registry.npmjs.org/generator-chromeapp/-/generator-chromeapp-0.2.19.tgz
42 silly lockFile 9852c97f-generator-chromeapp-0-2-19 generator-chromeapp@0.2.19
43 silly lockFile 9852c97f-generator-chromeapp-0-2-19 generator-chromeapp@0.2.19
44 silly lockFile ed64f6aa-generator-chromeapp generator-chromeapp@
45 silly lockFile ed64f6aa-generator-chromeapp generator-chromeapp@
46 silly resolved [ { name: 'generator-chromeapp',
46 silly resolved     version: '0.2.19',
46 silly resolved     description: 'Scaffold out a Chrome app',
46 silly resolved     keywords: [ 'yeoman-generator', 'scaffold', 'chrome', 'apps' ],
46 silly resolved     author: { name: 'Yeoman' },
46 silly resolved     main: 'app/index.js',
46 silly resolved     repository:
46 silly resolved      { type: 'git',
46 silly resolved        url: 'https://github.com/yeoman/generator-chromeapp' },
46 silly resolved     scripts: { test: 'mocha --timeout 100000 --reporter spec' },
46 silly resolved     dependencies:
46 silly resolved      { chalk: '^1.0.0',
46 silly resolved        lodash: '^3.5.0',
46 silly resolved        rimraf: '^2.3.2',
46 silly resolved        shelljs: '^0.4.0',
46 silly resolved        'yeoman-generator': '^0.18.10' },
46 silly resolved     peerDependencies: { 'generator-mocha': '>=0.1.6' },
46 silly resolved     devDependencies: { mocha: '*', underscore: '^1.8.2' },
46 silly resolved     engines: { node: '>=0.10.0' },
46 silly resolved     license: 'BSD',
46 silly resolved     files: [ 'app', 'permission', 'samples', 'manifest.js' ],
46 silly resolved     gitHead: '6ce271e5560b8fe38f7dac811e4d65b430642ab2',
46 silly resolved     bugs: { url: 'https://github.com/yeoman/generator-chromeapp/issues' },
46 silly resolved     homepage: 'https://github.com/yeoman/generator-chromeapp',
46 silly resolved     _id: 'generator-chromeapp@0.2.19',
46 silly resolved     _shasum: '5b3e17a6fbfa6efdb434cdf68a5efb14badc2b8c',
46 silly resolved     _from: 'generator-chromeapp@',
46 silly resolved     _npmVersion: '2.7.0',
46 silly resolved     _nodeVersion: '0.10.29',
46 silly resolved     _npmUser: { name: 'ragingwind', email: 'ragingwind@gmail.com' },
46 silly resolved     maintainers:
46 silly resolved      [ [Object],
46 silly resolved        [Object],
46 silly resolved        [Object],
46 silly resolved        [Object],
46 silly resolved        [Object],
46 silly resolved        [Object],
46 silly resolved        [Object] ],
46 silly resolved     dist:
46 silly resolved      { shasum: '5b3e17a6fbfa6efdb434cdf68a5efb14badc2b8c',
46 silly resolved        tarball: 'http://registry.npmjs.org/generator-chromeapp/-/generator-chromeapp-0.2.19.tgz' },
46 silly resolved     directories: {},
46 silly resolved     _resolved: 'https://registry.npmjs.org/generator-chromeapp/-/generator-chromeapp-0.2.19.tgz' } ]
47 info install generator-chromeapp@0.2.19 into /usr/local/lib
48 info installOne generator-chromeapp@0.2.19
49 verbose lib/node_modules/generator-chromeapp unbuild
50 verbose tar unpack /Users/brandoncox/.npm/generator-chromeapp/0.2.19/package.tgz
51 silly lockFile fe19386d-node-modules-generator-chromeapp tar:///usr/local/lib/node_modules/generator-chromeapp
52 verbose lock tar:///usr/local/lib/node_modules/generator-chromeapp /Users/brandoncox/.npm/fe19386d-node-modules-generator-chromeapp.lock
53 silly lockFile 4af40a33-tor-chromeapp-0-2-19-package-tgz tar:///Users/brandoncox/.npm/generator-chromeapp/0.2.19/package.tgz
54 verbose lock tar:///Users/brandoncox/.npm/generator-chromeapp/0.2.19/package.tgz /Users/brandoncox/.npm/4af40a33-tor-chromeapp-0-2-19-package-tgz.lock
55 silly gunzTarPerm modes [ '755', '644' ]
56 error Error: EACCES, mkdir '/usr/local/lib/node_modules/generator-chromeapp'
56 error  { [Error: EACCES, mkdir '/usr/local/lib/node_modules/generator-chromeapp']
56 error   errno: 3,
56 error   code: 'EACCES',
56 error   path: '/usr/local/lib/node_modules/generator-chromeapp',
56 error   fstream_type: 'Directory',
56 error   fstream_path: '/usr/local/lib/node_modules/generator-chromeapp',
56 error   fstream_class: 'DirWriter',
56 error   fstream_stack:
56 error    [ '/usr/local/lib/node_modules/npm/node_modules/fstream/lib/dir-writer.js:36:23',
56 error      '/usr/local/lib/node_modules/npm/node_modules/mkdirp/index.js:46:53',
56 error      'Object.oncomplete (fs.js:107:15)' ] }
57 error Please try running this command again as root/Administrator.
58 error System Darwin 14.1.0
59 error command "node" "/usr/local/bin/npm" "install" "-g" "generator-chromeapp"
60 error cwd /Users/brandoncox/Code/lolametro-chrome
61 error node -v v0.10.33
62 error npm -v 1.4.28
63 error path /usr/local/lib/node_modules/generator-chromeapp
64 error fstream_path /usr/local/lib/node_modules/generator-chromeapp
65 error fstream_type Directory
66 error fstream_class DirWriter
67 error code EACCES
68 error errno 3
69 error stack Error: EACCES, mkdir '/usr/local/lib/node_modules/generator-chromeapp'
70 error fstream_stack /usr/local/lib/node_modules/npm/node_modules/fstream/lib/dir-writer.js:36:23
70 error fstream_stack /usr/local/lib/node_modules/npm/node_modules/mkdirp/index.js:46:53
70 error fstream_stack Object.oncomplete (fs.js:107:15)
71 verbose exit [ 3, true ]
